[23-May-2024 21:59:31] NOTICE: fpm is running, pid 11668
[23-May-2024 21:59:31] NOTICE: ready to handle connections
[23-May-2024 22:08:15] NOTICE: Terminating ...
[23-May-2024 22:08:15] NOTICE: Terminating ...
[23-May-2024 22:08:15] NOTICE: exiting, bye-bye!
[24-May-2024 18:37:13] NOTICE: fpm is running, pid 6282
[24-May-2024 18:37:13] NOTICE: ready to handle connections
[24-May-2024 19:31:59] NOTICE: Terminating ...
[24-May-2024 19:31:59] NOTICE: Terminating ...
[24-May-2024 19:31:59] NOTICE: exiting, bye-bye!
[29-May-2024 17:11:49] NOTICE: fpm is running, pid 17000
[29-May-2024 17:11:49] NOTICE: ready to handle connections
[30-May-2024 18:35:45] NOTICE: Terminating ...
[30-May-2024 18:35:45] NOTICE: Terminating ...
[30-May-2024 18:35:45] NOTICE: exiting, bye-bye!
[05-Jun-2024 17:46:49] NOTICE: fpm is running, pid 5860
[05-Jun-2024 17:46:49] NOTICE: ready to handle connections
[06-Jun-2024 09:51:45] NOTICE: Terminating ...
[06-Jun-2024 09:51:45] NOTICE: Terminating ...
[06-Jun-2024 09:51:45] NOTICE: exiting, bye-bye!
[17-Jun-2024 12:57:39] NOTICE: fpm is running, pid 11605
[17-Jun-2024 12:57:39] NOTICE: ready to handle connections
[18-Jun-2024 12:44:15] NOTICE: Terminating ...
[18-Jun-2024 12:44:15] NOTICE: Terminating ...
[18-Jun-2024 12:44:15] NOTICE: exiting, bye-bye!
[18-Jun-2024 18:58:02] NOTICE: fpm is running, pid 1255
[18-Jun-2024 18:58:02] NOTICE: ready to handle connections
